root
 |-- key: binary (nullable = true)
 |-- value: binary (nullable = true)
 |-- topic: string (nullable = true)
 |-- partition: integer (nullable = true)
 |-- offset: long (nullable = true)
 |-- timestamp: timestamp (nullable = true)
 |-- timestampType: integer (nullable = true)

-------------------------------------------
Batch: 0
-------------------------------------------
+--------------------+------------------------+-----+
|              window|original_crime_type_name|count|
+--------------------+------------------------+-----+
|[2018-12-31 22:45...|                     518|    1|
|[2018-12-31 22:45...|                   Party|    1|
|[2018-12-31 22:25...|            Traffic Stop|    4|
|[2018-12-31 23:55...|            Traffic Stop|    1|
|[2018-12-31 23:10...|       Strongarm Robbery|    1|
|[2018-12-31 23:25...|         Fight No Weapon|    1|
|[2018-12-31 23:00...|           Audible Alarm|    1|
|[2018-12-31 21:05...|       Suspicious Person|    1|
|[2018-12-31 22:50...|         Fight No Weapon|    2|
|[2018-12-31 21:05...|             Shots Fired|    1|
|[2018-12-31 21:45...|      Suspicious Vehicle|    2|
|[2018-12-31 22:10...|       Suspicious Person|    3|
|[2018-12-31 21:50...|     Traf Violation Cite|    1|
|[2018-12-31 21:00...|            Passing Call|    1|
|[2018-12-31 22:00...|      Suspicious Vehicle|    2|
|[2018-12-31 23:15...|            Traffic Stop|    1|
|[2018-12-31 22:10...|        Well Being Check|    2|
|[2018-12-31 21:25...|                  22500f|    2|
|[2018-12-31 23:15...|      Suspicious Vehicle|    1|
|[2018-12-31 22:05...|                     518|    1|
+--------------------+------------------------+-----+
only showing top 20 rows

-------------------------------------------
Batch: 1
-------------------------------------------
+--------------------+------------------------+-----+
|              window|original_crime_type_name|count|
+--------------------+------------------------+-----+
|[2018-12-31 22:45...|                   Party|    1|
|[2018-12-31 20:00...|                     594|    1|
|[2018-12-31 20:45...|                     J/o|    1|
|[2018-12-31 19:30...|            Passing Call|    3|
|[2018-12-31 22:45...|                     518|    1|
|[2018-12-31 19:05...|                   Fraud|    1|
|[2018-12-31 22:25...|            Traffic Stop|    4|
|[2018-12-31 23:55...|            Traffic Stop|    1|
|[2018-12-31 20:35...|      Homeless Complaint|    1|
|[2018-12-31 20:05...|       Suspicious Person|    1|
|[2018-12-31 19:30...|                  22500e|    2|
|[2018-12-31 19:35...|         Muni Inspection|    1|
|[2018-12-31 23:10...|       Strongarm Robbery|    1|
|[2018-12-31 20:15...|            Passing Call|    3|
|[2018-12-31 20:15...|                Reckless|    1|
|[2018-12-31 23:25...|         Fight No Weapon|    1|
|[2018-12-31 23:00...|           Audible Alarm|    1|
|[2018-12-31 21:05...|       Suspicious Person|    1|
|[2018-12-31 22:50...|         Fight No Weapon|    2|
|[2018-12-31 19:00...|            Passing Call|    5|
+--------------------+------------------------+-----+
only showing top 20 rows

-------------------------------------------
Batch: 2
-------------------------------------------
+--------------------+------------------------+-----+
|              window|original_crime_type_name|count|
+--------------------+------------------------+-----+
|[2018-12-31 20:00...|                     594|    1|
|[2018-12-31 20:45...|                     J/o|    1|
|[2018-12-31 19:30...|            Passing Call|    3|
|[2018-12-31 22:45...|                     518|    1|
|[2018-12-31 22:45...|                   Party|    1|
|[2018-12-31 18:25...|               Vandalism|    1|
|[2018-12-31 17:45...|     Traf Violation Cite|    1|
|[2018-12-31 22:25...|            Traffic Stop|    4|
|[2018-12-31 19:05...|                   Fraud|    1|
|[2018-12-31 23:55...|            Traffic Stop|    1|
|[2018-12-31 17:35...|       Indecent Exposure|    1|
|[2018-12-31 20:35...|      Homeless Complaint|    1|
|[2018-12-31 20:05...|       Suspicious Person|    1|
|[2018-12-31 19:30...|                  22500e|    2|
|[2018-12-31 19:35...|         Muni Inspection|    1|
|[2018-12-31 23:10...|       Strongarm Robbery|    1|
|[2018-12-31 17:55...|       Suspicious Person|    2|
|[2018-12-31 20:15...|            Passing Call|    3|
|[2018-12-31 17:25...|          Citizen Arrest|    1|
|[2018-12-31 20:15...|                Reckless|    1|
+--------------------+------------------------+-----+
only showing top 20 rows

-------------------------------------------
Batch: 3
-------------------------------------------
+--------------------+------------------------+-----+
|              window|original_crime_type_name|count|
+--------------------+------------------------+-----+
|[2018-12-31 20:00...|                     594|    1|
|[2018-12-31 20:45...|                     J/o|    1|
|[2018-12-31 19:30...|            Passing Call|    3|
|[2018-12-31 22:45...|                     518|    1|
|[2018-12-31 22:45...|                   Party|    1|
|[2018-12-31 15:35...|                     518|    1|
|[2018-12-31 15:30...|            Passing Call|    3|
|[2018-12-31 18:25...|               Vandalism|    1|
|[2018-12-31 17:45...|     Traf Violation Cite|    1|
|[2018-12-31 15:30...|       Assault / Battery|    1|
|[2018-12-31 22:25...|            Traffic Stop|    4|
|[2018-12-31 16:20...|                   Caser|    1|
|[2018-12-31 19:05...|                   Fraud|    1|
|[2018-12-31 23:55...|            Traffic Stop|    1|
|[2018-12-31 20:35...|      Homeless Complaint|    1|
|[2018-12-31 17:35...|       Indecent Exposure|    1|
|[2018-12-31 20:05...|       Suspicious Person|    1|
|[2018-12-31 19:30...|                  22500e|    2|
|[2018-12-31 19:35...|         Muni Inspection|    1|
|[2018-12-31 23:10...|       Strongarm Robbery|    1|
+--------------------+------------------------+-----+
only showing top 20 rows

-------------------------------------------
Batch: 4
-------------------------------------------
+--------------------+------------------------+-----+
|              window|original_crime_type_name|count|
+--------------------+------------------------+-----+
|[2018-12-31 20:45...|                     J/o|    1|
|[2018-12-31 22:45...|                     518|    1|
|[2018-12-31 20:00...|                     594|    1|
|[2018-12-31 19:30...|            Passing Call|    3|
|[2018-12-31 14:25...|        Well Being Check|    1|
|[2018-12-31 22:45...|                   Party|    1|
|[2018-12-31 15:35...|                     518|    1|
|[2018-12-31 15:30...|            Passing Call|    3|
|[2018-12-31 18:25...|               Vandalism|    1|
|[2018-12-31 17:45...|     Traf Violation Cite|    1|
|[2018-12-31 15:30...|       Assault / Battery|    1|
|[2018-12-31 22:25...|            Traffic Stop|    4|
|[2018-12-31 19:05...|                   Fraud|    1|
|[2018-12-31 23:55...|            Traffic Stop|    1|
|[2018-12-31 16:20...|                   Caser|    1|
|[2018-12-31 14:00...|                     909|    1|
|[2018-12-31 20:35...|      Homeless Complaint|    1|
|[2018-12-31 17:35...|       Indecent Exposure|    1|
|[2018-12-31 20:05...|       Suspicious Person|    1|
|[2018-12-31 19:30...|                  22500e|    2|
+--------------------+------------------------+-----+
only showing top 20 rows

-------------------------------------------
Batch: 5
-------------------------------------------
+--------------------+------------------------+-----+
|              window|original_crime_type_name|count|
+--------------------+------------------------+-----+
|[2018-12-31 20:45...|                     J/o|    1|
|[2018-12-31 22:45...|                     518|    1|
|[2018-12-31 12:00...|          Meet W/citizen|    1|
|[2018-12-31 13:15...|          Person Dumping|    1|
|[2018-12-31 20:00...|                     594|    1|
|[2018-12-31 19:30...|            Passing Call|    3|
|[2018-12-31 14:25...|        Well Being Check|    1|
|[2018-12-31 22:45...|                   Party|    1|
|[2018-12-31 15:35...|                     518|    1|
|[2018-12-31 15:30...|            Passing Call|    3|
|[2018-12-31 18:25...|               Vandalism|    1|
|[2018-12-31 13:00...|                    Poss|    1|
|[2018-12-31 17:45...|     Traf Violation Cite|    1|
|[2018-12-31 15:30...|       Assault / Battery|    1|
|[2018-12-31 22:25...|            Traffic Stop|    4|
|[2018-12-31 19:05...|                   Fraud|    1|
|[2018-12-31 23:55...|            Traffic Stop|    1|
|[2018-12-31 16:20...|                   Caser|    1|
|[2018-12-31 14:00...|                     909|    1|
|[2018-12-31 12:40...|            Traffic Stop|    1|
+--------------------+------------------------+-----+
only showing top 20 rows

-------------------------------------------
Batch: 6
-------------------------------------------
+--------------------+------------------------+-----+
|              window|original_crime_type_name|count|
+--------------------+------------------------+-----+
|[2018-12-31 20:45...|                     J/o|    1|
|[2018-12-31 22:45...|                     518|    1|
|[2018-12-31 12:00...|          Meet W/citizen|    1|
|[2018-12-31 13:15...|          Person Dumping|    1|
|[2018-12-31 10:15...|            Passing Call|    3|
|[2018-12-31 20:00...|                     594|    1|
|[2018-12-31 19:30...|            Passing Call|    3|
|[2018-12-31 11:10...|             Petty Theft|    1|
|[2018-12-31 14:25...|        Well Being Check|    1|
|[2018-12-31 22:45...|                   Party|    1|
|[2018-12-31 15:35...|                     518|    1|
|[2018-12-31 15:30...|            Passing Call|    3|
|[2018-12-31 18:25...|               Vandalism|    1|
|[2018-12-31 13:00...|                    Poss|    1|
|[2018-12-31 17:45...|     Traf Violation Cite|    1|
|[2018-12-31 15:30...|       Assault / Battery|    1|
|[2018-12-31 22:25...|            Traffic Stop|    4|
|[2018-12-31 09:35...|         Fight No Weapon|    2|
|[2018-12-31 19:05...|                   Fraud|    1|
|[2018-12-31 23:55...|            Traffic Stop|    1|
+--------------------+------------------------+-----+
only showing top 20 rows

-------------------------------------------
Batch: 7
-------------------------------------------
+--------------------+------------------------+-----+
|              window|original_crime_type_name|count|
+--------------------+------------------------+-----+
|[2018-12-31 20:45...|                     J/o|    1|
|[2018-12-31 22:45...|                     518|    1|
|[2018-12-31 12:00...|          Meet W/citizen|    1|
|[2018-12-31 20:00...|                     594|    1|
|[2018-12-31 19:30...|            Passing Call|    3|
|[2018-12-31 22:45...|                   Party|    1|
|[2018-12-31 13:15...|          Person Dumping|    1|
|[2018-12-31 10:15...|            Passing Call|    3|
|[2018-12-31 11:10...|             Petty Theft|    1|
|[2018-12-31 14:25...|        Well Being Check|    1|
|[2018-12-31 15:35...|                     518|    1|
|[2018-12-31 15:30...|            Passing Call|    3|
|[2018-12-31 08:45...|                   Drugs|    1|
|[2018-12-31 17:45...|     Traf Violation Cite|    1|
|[2018-12-31 15:30...|       Assault / Battery|    1|
|[2018-12-31 22:25...|            Traffic Stop|    4|
|[2018-12-31 09:35...|         Fight No Weapon|    2|
|[2018-12-31 09:35...|          Complaint Unkn|    1|
|[2018-12-31 14:00...|                     909|    1|
|[2018-12-31 18:25...|               Vandalism|    1|
+--------------------+------------------------+-----+
only showing top 20 rows

-------------------------------------------
Batch: 8
-------------------------------------------
+--------------------+------------------------+-----+
|              window|original_crime_type_name|count|
+--------------------+------------------------+-----+
|[2018-12-31 20:45...|                     J/o|    1|
|[2018-12-31 22:45...|                     518|    2|
|[2018-12-31 12:00...|          Meet W/citizen|    1|
|[2018-12-31 20:00...|                     594|    1|
|[2018-12-31 19:30...|            Passing Call|    3|
|[2018-12-31 22:45...|                   Party|    2|
|[2018-12-31 13:15...|          Person Dumping|    1|
|[2018-12-31 10:15...|            Passing Call|    3|
|[2018-12-31 11:10...|             Petty Theft|    1|
|[2018-12-31 14:25...|        Well Being Check|    1|
|[2018-12-31 15:35...|                     518|    1|
|[2018-12-31 15:30...|            Passing Call|    3|
|[2018-12-31 08:45...|                   Drugs|    1|
|[2018-12-31 17:45...|     Traf Violation Cite|    1|
|[2018-12-31 15:30...|       Assault / Battery|    1|
|[2018-12-31 22:25...|            Traffic Stop|    8|
|[2018-12-31 09:35...|         Fight No Weapon|    2|
|[2018-12-31 09:35...|          Complaint Unkn|    1|
|[2018-12-31 14:00...|                     909|    1|
|[2018-12-31 18:25...|               Vandalism|    1|
+--------------------+------------------------+-----+
only showing top 20 rows

-------------------------------------------
Batch: 9
-------------------------------------------
+--------------------+------------------------+-----+
|              window|original_crime_type_name|count|
+--------------------+------------------------+-----+
|[2018-12-31 20:45...|                     J/o|    2|
|[2018-12-31 22:45...|                     518|    2|
|[2018-12-31 12:00...|          Meet W/citizen|    1|
|[2018-12-31 20:00...|                     594|    2|
|[2018-12-31 19:30...|            Passing Call|    6|
|[2018-12-31 22:45...|                   Party|    2|
|[2018-12-31 13:15...|          Person Dumping|    1|
|[2018-12-31 10:15...|            Passing Call|    3|
|[2018-12-31 11:10...|             Petty Theft|    1|
|[2018-12-31 14:25...|        Well Being Check|    1|
|[2018-12-31 15:35...|                     518|    1|
|[2018-12-31 15:30...|            Passing Call|    3|
|[2018-12-31 08:45...|                   Drugs|    1|
|[2018-12-31 17:45...|     Traf Violation Cite|    1|
|[2018-12-31 15:30...|       Assault / Battery|    1|
|[2018-12-31 22:25...|            Traffic Stop|    8|
|[2018-12-31 09:35...|         Fight No Weapon|    2|
|[2018-12-31 09:35...|          Complaint Unkn|    1|
|[2018-12-31 14:00...|                     909|    1|
|[2018-12-31 18:25...|               Vandalism|    1|
+--------------------+------------------------+-----+
only showing top 20 rows

-------------------------------------------
Batch: 10
-------------------------------------------
+--------------------+------------------------+-----+
|              window|original_crime_type_name|count|
+--------------------+------------------------+-----+
|[2018-12-31 20:45...|                     J/o|    2|
|[2018-12-31 22:45...|                     518|    2|
|[2018-12-31 12:00...|          Meet W/citizen|    1|
|[2018-12-31 20:00...|                     594|    2|
|[2018-12-31 19:30...|            Passing Call|    6|
|[2018-12-31 22:45...|                   Party|    2|
|[2018-12-31 13:15...|          Person Dumping|    1|
|[2018-12-31 10:15...|            Passing Call|    3|
|[2018-12-31 11:10...|             Petty Theft|    1|
|[2018-12-31 14:25...|        Well Being Check|    1|
|[2018-12-31 15:35...|                     518|    1|
|[2018-12-31 15:30...|            Passing Call|    3|
|[2018-12-31 08:45...|                   Drugs|    1|
|[2018-12-31 17:45...|     Traf Violation Cite|    2|
|[2018-12-31 15:30...|       Assault / Battery|    1|
|[2018-12-31 22:25...|            Traffic Stop|    8|
|[2018-12-31 09:35...|         Fight No Weapon|    2|
|[2018-12-31 09:35...|          Complaint Unkn|    1|
|[2018-12-31 14:00...|                     909|    1|
|[2018-12-31 18:25...|               Vandalism|    2|
+--------------------+------------------------+-----+
only showing top 20 rows

-------------------------------------------
Batch: 11
-------------------------------------------
+--------------------+------------------------+-----+
|              window|original_crime_type_name|count|
+--------------------+------------------------+-----+
|[2018-12-31 20:45...|                     J/o|    2|
|[2018-12-31 22:45...|                     518|    2|
|[2018-12-31 12:00...|          Meet W/citizen|    1|
|[2018-12-31 20:00...|                     594|    2|
|[2018-12-31 19:30...|            Passing Call|    6|
|[2018-12-31 22:45...|                   Party|    2|
|[2018-12-31 13:15...|          Person Dumping|    1|
|[2018-12-31 10:15...|            Passing Call|    3|
|[2018-12-31 11:10...|             Petty Theft|    1|
|[2018-12-31 14:25...|        Well Being Check|    1|
|[2018-12-31 15:35...|                     518|    1|
|[2018-12-31 15:30...|            Passing Call|    3|
|[2018-12-31 08:45...|                   Drugs|    1|
|[2018-12-31 17:45...|     Traf Violation Cite|    2|
|[2018-12-31 15:30...|       Assault / Battery|    1|
|[2018-12-31 22:25...|            Traffic Stop|    8|
|[2018-12-31 09:35...|         Fight No Weapon|    2|
|[2018-12-31 09:35...|          Complaint Unkn|    1|
|[2018-12-31 14:00...|                     909|    1|
|[2018-12-31 18:25...|               Vandalism|    2|
+--------------------+------------------------+-----+
only showing top 20 rows

-------------------------------------------
Batch: 12
-------------------------------------------
+--------------------+------------------------+-----+
|              window|original_crime_type_name|count|
+--------------------+------------------------+-----+
|[2018-12-31 20:45...|                     J/o|    2|
|[2018-12-31 22:45...|                     518|    2|
|[2018-12-31 12:00...|          Meet W/citizen|    1|
|[2018-12-31 20:00...|                     594|    2|
|[2018-12-31 19:30...|            Passing Call|    6|
|[2018-12-31 22:45...|                   Party|    2|
|[2018-12-31 13:15...|          Person Dumping|    1|
|[2018-12-31 10:15...|            Passing Call|    3|
|[2018-12-31 11:10...|             Petty Theft|    1|
|[2018-12-31 14:25...|        Well Being Check|    2|
|[2018-12-31 15:35...|                     518|    2|
|[2018-12-31 15:30...|            Passing Call|    6|
|[2018-12-31 08:45...|                   Drugs|    1|
|[2018-12-31 17:45...|     Traf Violation Cite|    2|
|[2018-12-31 15:30...|       Assault / Battery|    2|
|[2018-12-31 22:25...|            Traffic Stop|    8|
|[2018-12-31 09:35...|         Fight No Weapon|    2|
|[2018-12-31 09:35...|          Complaint Unkn|    1|
|[2018-12-31 14:00...|                     909|    1|
|[2018-12-31 18:25...|               Vandalism|    2|
+--------------------+------------------------+-----+
only showing top 20 rows

-------------------------------------------
Batch: 13
-------------------------------------------
+--------------------+------------------------+-----+
|              window|original_crime_type_name|count|
+--------------------+------------------------+-----+
|[2018-12-31 20:45...|                     J/o|    2|
|[2018-12-31 22:45...|                     518|    2|
|[2018-12-31 12:00...|          Meet W/citizen|    1|
|[2018-12-31 20:00...|                     594|    2|
|[2018-12-31 19:30...|            Passing Call|    6|
|[2018-12-31 22:45...|                   Party|    2|
|[2018-12-31 13:15...|          Person Dumping|    2|
|[2018-12-31 10:15...|            Passing Call|    3|
|[2018-12-31 11:10...|             Petty Theft|    1|
|[2018-12-31 14:25...|        Well Being Check|    2|
|[2018-12-31 15:35...|                     518|    2|
|[2018-12-31 15:30...|            Passing Call|    6|
|[2018-12-31 08:45...|                   Drugs|    1|
|[2018-12-31 17:45...|     Traf Violation Cite|    2|
|[2018-12-31 15:30...|       Assault / Battery|    2|
|[2018-12-31 22:25...|            Traffic Stop|    8|
|[2018-12-31 09:35...|         Fight No Weapon|    2|
|[2018-12-31 09:35...|          Complaint Unkn|    1|
|[2018-12-31 14:00...|                     909|    2|
|[2018-12-31 18:25...|               Vandalism|    2|
+--------------------+------------------------+-----+
only showing top 20 rows

-------------------------------------------
Batch: 14
-------------------------------------------
+--------------------+------------------------+-----+
|              window|original_crime_type_name|count|
+--------------------+------------------------+-----+
|[2018-12-31 20:45...|                     J/o|    2|
|[2018-12-31 22:45...|                     518|    2|
|[2018-12-31 12:00...|          Meet W/citizen|    2|
|[2018-12-31 20:00...|                     594|    2|
|[2018-12-31 19:30...|            Passing Call|    6|
|[2018-12-31 22:45...|                   Party|    2|
|[2018-12-31 13:15...|          Person Dumping|    2|
|[2018-12-31 10:15...|            Passing Call|    6|
|[2018-12-31 11:10...|             Petty Theft|    2|
|[2018-12-31 14:25...|        Well Being Check|    2|
|[2018-12-31 15:35...|                     518|    2|
|[2018-12-31 15:30...|            Passing Call|    6|
|[2018-12-31 08:45...|                   Drugs|    1|
|[2018-12-31 17:45...|     Traf Violation Cite|    2|
|[2018-12-31 15:30...|       Assault / Battery|    2|
|[2018-12-31 22:25...|            Traffic Stop|    8|
|[2018-12-31 09:35...|         Fight No Weapon|    2|
|[2018-12-31 09:35...|          Complaint Unkn|    1|
|[2018-12-31 14:00...|                     909|    2|
|[2018-12-31 18:25...|               Vandalism|    2|
+--------------------+------------------------+-----+
only showing top 20 rows

-------------------------------------------
Batch: 15
-------------------------------------------
+--------------------+------------------------+-----+
|              window|original_crime_type_name|count|
+--------------------+------------------------+-----+
|[2018-12-31 20:45...|                     J/o|    2|
|[2018-12-31 22:45...|                     518|    2|
|[2018-12-31 12:00...|          Meet W/citizen|    2|
|[2018-12-31 20:00...|                     594|    2|
|[2018-12-31 19:30...|            Passing Call|    6|
|[2018-12-31 22:45...|                   Party|    2|
|[2018-12-31 13:15...|          Person Dumping|    2|
|[2018-12-31 10:15...|            Passing Call|    6|
|[2018-12-31 11:10...|             Petty Theft|    2|
|[2018-12-31 14:25...|        Well Being Check|    2|
|[2018-12-31 15:35...|                     518|    2|
|[2018-12-31 15:30...|            Passing Call|    6|
|[2018-12-31 08:45...|                   Drugs|    2|
|[2018-12-31 17:45...|     Traf Violation Cite|    2|
|[2018-12-31 15:30...|       Assault / Battery|    2|
|[2018-12-31 22:25...|            Traffic Stop|    8|
|[2018-12-31 09:35...|         Fight No Weapon|    4|
|[2018-12-31 09:35...|          Complaint Unkn|    2|
|[2018-12-31 14:00...|                     909|    2|
|[2018-12-31 18:25...|               Vandalism|    2|
+--------------------+------------------------+-----+
only showing top 20 rows

-------------------------------------------
Batch: 16
-------------------------------------------
+--------------------+------------------------+-----+
|              window|original_crime_type_name|count|
+--------------------+------------------------+-----+
|[2018-12-31 20:45...|                     J/o|    2|
|[2018-12-31 22:45...|                     518|    3|
|[2018-12-31 12:00...|          Meet W/citizen|    2|
|[2018-12-31 20:00...|                     594|    2|
|[2018-12-31 19:30...|            Passing Call|    6|
|[2018-12-31 22:45...|                   Party|    3|
|[2018-12-31 13:15...|          Person Dumping|    2|
|[2018-12-31 10:15...|            Passing Call|    6|
|[2018-12-31 11:10...|             Petty Theft|    2|
|[2018-12-31 14:25...|        Well Being Check|    2|
|[2018-12-31 15:35...|                     518|    2|
|[2018-12-31 15:30...|            Passing Call|    6|
|[2018-12-31 08:45...|                   Drugs|    2|
|[2018-12-31 17:45...|     Traf Violation Cite|    2|
|[2018-12-31 15:30...|       Assault / Battery|    2|
|[2018-12-31 22:25...|            Traffic Stop|   11|
|[2018-12-31 09:35...|         Fight No Weapon|    4|
|[2018-12-31 09:35...|          Complaint Unkn|    2|
|[2018-12-31 14:00...|                     909|    2|
|[2018-12-31 18:25...|               Vandalism|    2|
+--------------------+------------------------+-----+
only showing top 20 rows

-------------------------------------------
Batch: 17
-------------------------------------------
+--------------------+------------------------+-----+
|              window|original_crime_type_name|count|
+--------------------+------------------------+-----+
|[2018-12-31 20:45...|                     J/o|    3|
|[2018-12-31 22:45...|                     518|    3|
|[2018-12-31 12:00...|          Meet W/citizen|    2|
|[2018-12-31 20:00...|                     594|    3|
|[2018-12-31 19:30...|            Passing Call|    6|
|[2018-12-31 22:45...|                   Party|    3|
|[2018-12-31 13:15...|          Person Dumping|    2|
|[2018-12-31 10:15...|            Passing Call|    6|
|[2018-12-31 11:10...|             Petty Theft|    2|
|[2018-12-31 14:25...|        Well Being Check|    2|
|[2018-12-31 15:35...|                     518|    2|
|[2018-12-31 15:30...|            Passing Call|    6|
|[2018-12-31 08:45...|                   Drugs|    2|
|[2018-12-31 17:45...|     Traf Violation Cite|    2|
|[2018-12-31 15:30...|       Assault / Battery|    2|
|[2018-12-31 22:25...|            Traffic Stop|   12|
|[2018-12-31 09:35...|         Fight No Weapon|    4|
|[2018-12-31 09:35...|          Complaint Unkn|    2|
|[2018-12-31 14:00...|                     909|    2|
|[2018-12-31 18:25...|               Vandalism|    2|
+--------------------+------------------------+-----+
only showing top 20 rows

-------------------------------------------
Batch: 18
-------------------------------------------
+--------------------+------------------------+-----+
|              window|original_crime_type_name|count|
+--------------------+------------------------+-----+
|[2018-12-31 20:45...|                     J/o|    3|
|[2018-12-31 22:45...|                     518|    3|
|[2018-12-31 12:00...|          Meet W/citizen|    2|
|[2018-12-31 20:00...|                     594|    3|
|[2018-12-31 19:30...|            Passing Call|    9|
|[2018-12-31 22:45...|                   Party|    3|
|[2018-12-31 13:15...|          Person Dumping|    2|
|[2018-12-31 10:15...|            Passing Call|    6|
|[2018-12-31 11:10...|             Petty Theft|    2|
|[2018-12-31 14:25...|        Well Being Check|    2|
|[2018-12-31 15:35...|                     518|    2|
|[2018-12-31 15:30...|            Passing Call|    6|
|[2018-12-31 08:45...|                   Drugs|    2|
|[2018-12-31 17:45...|     Traf Violation Cite|    2|
|[2018-12-31 15:30...|       Assault / Battery|    2|
|[2018-12-31 22:25...|            Traffic Stop|   12|
|[2018-12-31 09:35...|         Fight No Weapon|    4|
|[2018-12-31 09:35...|          Complaint Unkn|    2|
|[2018-12-31 14:00...|                     909|    2|
|[2018-12-31 18:25...|               Vandalism|    3|
+--------------------+------------------------+-----+
only showing top 20 rows

-------------------------------------------
Batch: 19
-------------------------------------------
+--------------------+------------------------+-----+
|              window|original_crime_type_name|count|
+--------------------+------------------------+-----+
|[2018-12-31 20:45...|                     J/o|    3|
|[2018-12-31 22:45...|                     518|    3|
|[2018-12-31 12:00...|          Meet W/citizen|    2|
|[2018-12-31 20:00...|                     594|    3|
|[2018-12-31 19:30...|            Passing Call|    9|
|[2018-12-31 22:45...|                   Party|    3|
|[2018-12-31 13:15...|          Person Dumping|    2|
|[2018-12-31 10:15...|            Passing Call|    6|
|[2018-12-31 11:10...|             Petty Theft|    2|
|[2018-12-31 14:25...|        Well Being Check|    2|
|[2018-12-31 15:35...|                     518|    2|
|[2018-12-31 15:30...|            Passing Call|    6|
|[2018-12-31 08:45...|                   Drugs|    2|
|[2018-12-31 17:45...|     Traf Violation Cite|    3|
|[2018-12-31 15:30...|       Assault / Battery|    2|
|[2018-12-31 22:25...|            Traffic Stop|   12|
|[2018-12-31 09:35...|         Fight No Weapon|    4|
|[2018-12-31 09:35...|          Complaint Unkn|    2|
|[2018-12-31 14:00...|                     909|    2|
|[2018-12-31 18:25...|               Vandalism|    3|
+--------------------+------------------------+-----+
only showing top 20 rows

-------------------------------------------
Batch: 20
-------------------------------------------
+--------------------+------------------------+-----+
|              window|original_crime_type_name|count|
+--------------------+------------------------+-----+
|[2018-12-31 20:45...|                     J/o|    3|
|[2018-12-31 22:45...|                     518|    3|
|[2018-12-31 12:00...|          Meet W/citizen|    2|
|[2018-12-31 20:00...|                     594|    3|
|[2018-12-31 19:30...|            Passing Call|    9|
|[2018-12-31 22:45...|                   Party|    3|
|[2018-12-31 13:15...|          Person Dumping|    2|
|[2018-12-31 10:15...|            Passing Call|    6|
|[2018-12-31 11:10...|             Petty Theft|    2|
|[2018-12-31 14:25...|        Well Being Check|    2|
|[2018-12-31 15:35...|                     518|    3|
|[2018-12-31 15:30...|            Passing Call|    9|
|[2018-12-31 08:45...|                   Drugs|    2|
|[2018-12-31 17:45...|     Traf Violation Cite|    3|
|[2018-12-31 15:30...|       Assault / Battery|    3|
|[2018-12-31 22:25...|            Traffic Stop|   12|
|[2018-12-31 09:35...|         Fight No Weapon|    4|
|[2018-12-31 09:35...|          Complaint Unkn|    2|
|[2018-12-31 14:00...|                     909|    2|
|[2018-12-31 18:25...|               Vandalism|    3|
+--------------------+------------------------+-----+
only showing top 20 rows

-------------------------------------------
Batch: 21
-------------------------------------------
+--------------------+------------------------+-----+
|              window|original_crime_type_name|count|
+--------------------+------------------------+-----+
|[2018-12-31 20:45...|                     J/o|    3|
|[2018-12-31 22:45...|                     518|    3|
|[2018-12-31 12:00...|          Meet W/citizen|    2|
|[2018-12-31 20:00...|                     594|    3|
|[2018-12-31 19:30...|            Passing Call|    9|
|[2018-12-31 22:45...|                   Party|    3|
|[2018-12-31 13:15...|          Person Dumping|    3|
|[2018-12-31 10:15...|            Passing Call|    6|
|[2018-12-31 11:10...|             Petty Theft|    2|
|[2018-12-31 14:25...|        Well Being Check|    3|
|[2018-12-31 15:35...|                     518|    3|
|[2018-12-31 15:30...|            Passing Call|    9|
|[2018-12-31 08:45...|                   Drugs|    2|
|[2018-12-31 17:45...|     Traf Violation Cite|    3|
|[2018-12-31 15:30...|       Assault / Battery|    3|
|[2018-12-31 22:25...|            Traffic Stop|   12|
|[2018-12-31 09:35...|         Fight No Weapon|    4|
|[2018-12-31 09:35...|          Complaint Unkn|    2|
|[2018-12-31 14:00...|                     909|    3|
|[2018-12-31 18:25...|               Vandalism|    3|
+--------------------+------------------------+-----+
only showing top 20 rows

-------------------------------------------
Batch: 22
-------------------------------------------
+--------------------+------------------------+-----+
|              window|original_crime_type_name|count|
+--------------------+------------------------+-----+
|[2018-12-31 20:45...|                     J/o|    3|
|[2018-12-31 22:45...|                     518|    3|
|[2018-12-31 12:00...|          Meet W/citizen|    3|
|[2018-12-31 20:00...|                     594|    3|
|[2018-12-31 19:30...|            Passing Call|    9|
|[2018-12-31 22:45...|                   Party|    3|
|[2018-12-31 13:15...|          Person Dumping|    3|
|[2018-12-31 10:15...|            Passing Call|    6|
|[2018-12-31 11:10...|             Petty Theft|    3|
|[2018-12-31 14:25...|        Well Being Check|    3|
|[2018-12-31 15:35...|                     518|    3|
|[2018-12-31 15:30...|            Passing Call|    9|
|[2018-12-31 08:45...|                   Drugs|    2|
|[2018-12-31 17:45...|     Traf Violation Cite|    3|
|[2018-12-31 15:30...|       Assault / Battery|    3|
|[2018-12-31 22:25...|            Traffic Stop|   12|
|[2018-12-31 09:35...|         Fight No Weapon|    4|
|[2018-12-31 09:35...|          Complaint Unkn|    2|
|[2018-12-31 14:00...|                     909|    3|
|[2018-12-31 18:25...|               Vandalism|    3|
+--------------------+------------------------+-----+
only showing top 20 rows

-------------------------------------------
Batch: 23
-------------------------------------------
+--------------------+------------------------+-----+
|              window|original_crime_type_name|count|
+--------------------+------------------------+-----+
|[2018-12-31 20:45...|                     J/o|    3|
|[2018-12-31 22:45...|                     518|    3|
|[2018-12-31 12:00...|          Meet W/citizen|    3|
|[2018-12-31 20:00...|                     594|    3|
|[2018-12-31 19:30...|            Passing Call|    9|
|[2018-12-31 22:45...|                   Party|    3|
|[2018-12-31 13:15...|          Person Dumping|    3|
|[2018-12-31 10:15...|            Passing Call|    9|
|[2018-12-31 11:10...|             Petty Theft|    3|
|[2018-12-31 14:25...|        Well Being Check|    3|
|[2018-12-31 15:35...|                     518|    3|
|[2018-12-31 15:30...|            Passing Call|    9|
|[2018-12-31 08:45...|                   Drugs|    3|
|[2018-12-31 17:45...|     Traf Violation Cite|    3|
|[2018-12-31 15:30...|       Assault / Battery|    3|
|[2018-12-31 22:25...|            Traffic Stop|   12|
|[2018-12-31 09:35...|         Fight No Weapon|    6|
|[2018-12-31 09:35...|          Complaint Unkn|    3|
|[2018-12-31 14:00...|                     909|    3|
|[2018-12-31 18:25...|               Vandalism|    3|
+--------------------+------------------------+-----+
only showing top 20 rows

Traceback (most recent call last):
  File "/Users/ppujari/udacity/data_streaming/data_streaming/data_stream.py", line 111, in <module>
    run_spark_job(spark)
  File "/Users/ppujari/udacity/data_streaming/data_streaming/data_stream.py", line 96, in run_spark_job
    query.awaitTermination()
  File "/Users/ppujari/Applications/spark-2.4.3-bin-hadoop2.7/python/lib/pyspark.zip/pyspark/sql/streaming.py", line 103, in awaitTermination
  File "/Users/ppujari/Applications/spark-2.4.3-bin-hadoop2.7/python/lib/py4j-0.10.7-src.zip/py4j/java_gateway.py", line 1255, in __call__
  File "/Users/ppujari/Applications/spark-2.4.3-bin-hadoop2.7/python/lib/py4j-0.10.7-src.zip/py4j/java_gateway.py", line 985, in send_command
  File "/Users/ppujari/Applications/spark-2.4.3-bin-hadoop2.7/python/lib/py4j-0.10.7-src.zip/py4j/java_gateway.py", line 1152, in send_command
  File "/Users/ppujari/Applications/anaconda3/envs/data_streaming/lib/python3.6/socket.py", line 586, in readinto
    return self._sock.recv_into(b)
  File "/Users/ppujari/Applications/spark-2.4.3-bin-hadoop2.7/python/lib/pyspark.zip/pyspark/context.py", line 270, in signal_handler
KeyboardInterrupt
